[debug] [2022-08-31T20:45:32.592Z] ----------------------------------------------------------------------
[debug] [2022-08-31T20:45:32.594Z] Command:       /usr/local/Cellar/node/18.7.0/bin/node /usr/local/bin/firebase init
[debug] [2022-08-31T20:45:32.594Z] CLI Version:   11.8.0
[debug] [2022-08-31T20:45:32.595Z] Platform:      darwin
[debug] [2022-08-31T20:45:32.595Z] Node Version:  v18.7.0
[debug] [2022-08-31T20:45:32.596Z] Time:          Wed Aug 31 2022 21:45:32 GMT+0100 (British Summer Time)
[debug] [2022-08-31T20:45:32.596Z] ----------------------------------------------------------------------
[debug] 
[debug] [2022-08-31T20:45:32.606Z] > command requires scopes: ["email","openid","https://www.googleapis.com/auth/cloudplatformprojects.readonly","https://www.googleapis.com/auth/firebase","https://www.googleapis.com/auth/cloud-platform"]
[debug] [2022-08-31T20:45:32.606Z] > authorizing via signed-in user (henry.blauth@gmail.com)
[info] 
     ######## #### ########  ######## ########     ###     ######  ########
     ##        ##  ##     ## ##       ##     ##  ##   ##  ##       ##
     ######    ##  ########  ######   ########  #########  ######  ######
     ##        ##  ##    ##  ##       ##     ## ##     ##       ## ##
     ##       #### ##     ## ######## ########  ##     ##  ######  ########

You're about to initialize a Firebase project in this directory:

  /Users/henry/sites/portfolio

[info] 
=== Project Setup
[info] 
[info] First, let's associate this project directory with a Firebase project.
[info] You can create multiple project aliases by running firebase use --add, 
[info] but for now we'll just set up a default project.
[info] 
[debug] [2022-08-31T20:45:58.685Z] >>> [apiv2][query] GET https://firebase.googleapis.com/v1beta1/projects pageSize=100
[debug] [2022-08-31T20:45:59.137Z] <<< [apiv2][status] GET https://firebase.googleapis.com/v1beta1/projects 200
[debug] [2022-08-31T20:45:59.137Z] <<< [apiv2][body] GET https://firebase.googleapis.com/v1beta1/projects [omitted]
[info] i  Using project hb-portfolio-442a7 (hb-portfolio) 
[info] 
=== Hosting Setup
[info] 
[info] Your public directory is the folder (relative to your project directory) that
[info] will contain Hosting assets to be uploaded with firebase deploy. If you
[info] have a build process for your assets, use your build's output directory.
[info] 
[info] ✔  Wrote public/404.html 
[debug] [2022-08-31T20:46:31.533Z] >>> [apiv2][query] GET https://www.gstatic.com/firebasejs/releases.json [none]
[debug] [2022-08-31T20:46:31.627Z] <<< [apiv2][status] GET https://www.gstatic.com/firebasejs/releases.json 200
[debug] [2022-08-31T20:46:31.627Z] <<< [apiv2][body] GET https://www.gstatic.com/firebasejs/releases.json {"current":{"version":"9.9.3","browserURL":"https://www.gstatic.com/firebasejs/9.9.3/firebase.js","packageURL":"https://www.gstatic.com/firebasejs/9.9.3/firebase.tgz"},"live":{"version":"9.9","browserURL":"https://www.gstatic.com/firebasejs/live/9.9/firebase.js","packageURL":"https://www.gstatic.com/firebasejs/live/9.9/firebase.tgz"},"components":{"analytics":"https://www.gstatic.com/firebasejs/9.9.3/firebase-analytics.js","app":"https://www.gstatic.com/firebasejs/9.9.3/firebase-app.js","app-check":"https://www.gstatic.com/firebasejs/9.9.3/firebase-app-check.js","auth":"https://www.gstatic.com/firebasejs/9.9.3/firebase-auth.js","auth/cordova":"https://www.gstatic.com/firebasejs/9.9.3/firebase-auth/cordova.js","auth/react-native":"https://www.gstatic.com/firebasejs/9.9.3/firebase-auth/react-native.js","functions":"https://www.gstatic.com/firebasejs/9.9.3/firebase-functions.js","firestore":"https://www.gstatic.com/firebasejs/9.9.3/firebase-firestore.js","firestore/lite":"https://www.gstatic.com/firebasejs/9.9.3/firebase-firestore/lite.js","installations":"https://www.gstatic.com/firebasejs/9.9.3/firebase-installations.js","storage":"https://www.gstatic.com/firebasejs/9.9.3/firebase-storage.js","performance":"https://www.gstatic.com/firebasejs/9.9.3/firebase-performance.js","remote-config":"https://www.gstatic.com/firebasejs/9.9.3/firebase-remote-config.js","messaging":"https://www.gstatic.com/firebasejs/9.9.3/firebase-messaging.js","messaging/sw":"https://www.gstatic.com/firebasejs/9.9.3/firebase-messaging/sw.js","database":"https://www.gstatic.com/firebasejs/9.9.3/firebase-database.js","firestore.memory":"https://www.gstatic.com/firebasejs/9.9.3/firebase-firestore.memory.js"}}
[info] ✔  Wrote public/index.html 
[info] 
[info] i  Didn't detect a .git folder. Assuming /Users/henry/sites/portfolio is the project root. 
[info] i  Authorizing with GitHub to upload your service account to a GitHub repository's secrets store. 
[info] 
[info] Visit this URL on this device to log in:
[info] https://github.com/login/oauth/authorize?client_id=89cf50f02ac6aaed3484&state=524488969&redirect_uri=http%3A%2F%2Flocalhost%3A9005&scope=read%3Auser%20repo%20public_repo
[info] 
[info] Waiting for authentication...
[debug] [2022-08-31T20:46:45.992Z] >>> [apiv2][query] POST https://github.com/login/oauth/access_token [none]
[debug] [2022-08-31T20:46:45.992Z] >>> [apiv2][body] POST https://github.com/login/oauth/access_token [stream]
[debug] [2022-08-31T20:46:46.323Z] <<< [apiv2][status] POST https://github.com/login/oauth/access_token 200
[debug] [2022-08-31T20:46:46.323Z] <<< [apiv2][body] POST https://github.com/login/oauth/access_token {"access_token":"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","token_type":"bearer","scope":"read:user,repo"}
[debug] [2022-08-31T20:46:46.330Z] >>> [apiv2][query] GET https://api.github.com/user [none]
[debug] [2022-08-31T20:46:46.731Z] <<< [apiv2][status] GET https://api.github.com/user 200
[debug] [2022-08-31T20:46:46.731Z] <<< [apiv2][body] GET https://api.github.com/user {"login":"hblauth","id":9203904,"node_id":"MDQ6VXNlcjkyMDM5MDQ=","avatar_url":"https://avatars.githubusercontent.com/u/9203904?v=4","gravatar_id":"","url":"https://api.github.com/users/hblauth","html_url":"https://github.com/hblauth","followers_url":"https://api.github.com/users/hblauth/followers","following_url":"https://api.github.com/users/hblauth/following{/other_user}","gists_url":"https://api.github.com/users/hblauth/gists{/gist_id}","starred_url":"https://api.github.com/users/hblauth/starred{/owner}{/repo}","subscriptions_url":"https://api.github.com/users/hblauth/subscriptions","organizations_url":"https://api.github.com/users/hblauth/orgs","repos_url":"https://api.github.com/users/hblauth/repos","events_url":"https://api.github.com/users/hblauth/events{/privacy}","received_events_url":"https://api.github.com/users/hblauth/received_events","type":"User","site_admin":false,"name":"Henry Blauth","company":"bark.com","blog":"","location":"London, UK","email":null,"hireable":null,"bio":"Insights & Analytics Manager at bark.com","twitter_username":null,"public_repos":18,"public_gists":0,"followers":5,"following":3,"created_at":"2014-10-13T21:33:51Z","updated_at":"2022-08-31T20:46:42Z","private_gists":3,"total_private_repos":1,"owned_private_repos":1,"disk_usage":92459,"collaborators":0,"two_factor_authentication":false,"plan":{"name":"free","space":976562499,"collaborators":0,"private_repos":10000}}
[info] 
[info] ✔  Success! Logged into GitHub as hblauth 
[info] 
